<?xml version="1.0" encoding="utf-8" standalone="no"?>
<!--This file represents the results of running a test suite-->
<test-results name="C:\Users\Noriko\Git\BaconApp\BaconInfoGen\BaconInfoGen.nunit" total="1" errors="0" failures="1" not-run="0" inconclusive="0" ignored="0" skipped="0" invalid="0" date="2011-09-16" time="00:56:47">
  <environment nunit-version="2.5.10.11092" clr-version="2.0.50727.4214" os-version="Microsoft Windows NT 6.0.6002 Service Pack 2" platform="Win32NT" cwd="C:\Program Files\NUnit 2.5.10\bin\net-2.0" machine-name="ERDA-FREYA" user="Noriko" user-domain="Erda-Freya" />
  <culture-info current-culture="en-NZ" current-uiculture="en-US" />
  <test-suite type="Project" name="C:\Users\Noriko\Git\BaconApp\BaconInfoGen\BaconInfoGen.nunit" executed="True" result="Failure" success="False" time="0.069" asserts="0">
    <results>
      <test-suite type="Assembly" name="C:\Users\Noriko\Git\BaconApp\BaconInfoGen\BaconBuilder.Tests\bin\Release\BaconBuilder.Test.dll" executed="True" result="Failure" success="False" time="0.057" asserts="0">
        <results>
          <test-suite type="Namespace" name="BaconBuilder" executed="True" result="Failure" success="False" time="0.057" asserts="0">
            <results>
              <test-suite type="TestFixture" name="HtmlDegenTest" executed="True" result="Failure" success="False" time="0.055" asserts="0">
                <results>
                  <test-case name="BaconBuilder.HtmlDegenTest.TestParseTag" executed="True" result="Failure" success="False" time="0.042" asserts="2">
                    <failure>
                      <message><![CDATA[  Expected string length 18 but was 11. Strings differ at index 0.
  Expected: "<p>hello world</p>"
  But was:  "hello world"
  -----------^
]]></message>
                      <stack-trace><![CDATA[at BaconBuilder.HtmlDegenTest.TestParseTag() in C:\Users\Noriko\Git\BaconApp\BaconInfoGen\BaconBuilder.Tests\HtmlDegenTest.cs:line 30
]]></stack-trace>
                    </failure>
                  </test-case>
                </results>
              </test-suite>
            </results>
          </test-suite>
        </results>
      </test-suite>
    </results>
  </test-suite>
</test-results>