<?xml version="1.0" encoding="utf-8" standalone="no"?>
<!--This file represents the results of running a test suite-->
<test-results name="C:\Users\Noriko\Git\BaconApp\BaconInfoGen\BaconInfoGen.nunit" total="1" errors="0" failures="0" not-run="0" inconclusive="0" ignored="0" skipped="0" invalid="0" date="2011-09-19" time="14:52:23">
  <environment nunit-version="2.5.10.11092" clr-version="2.0.50727.4214" os-version="Microsoft Windows NT 6.0.6002 Service Pack 2" platform="Win32NT" cwd="C:\Program Files\NUnit 2.5.10\bin\net-2.0" machine-name="ERDA-FREYA" user="Noriko" user-domain="Erda-Freya" />
  <culture-info current-culture="en-NZ" current-uiculture="en-US" />
  <test-suite type="Project" name="C:\Users\Noriko\Git\BaconApp\BaconInfoGen\BaconInfoGen.nunit" executed="True" result="Success" success="True" time="0.152" asserts="0">
    <results>
      <test-suite type="Assembly" name="C:\Users\Noriko\Git\BaconApp\BaconInfoGen\BaconBuilder.Tests\bin\Release\BaconBuilder.Test.dll" executed="True" result="Success" success="True" time="0.141" asserts="0">
        <results>
          <test-suite type="Namespace" name="BaconBuilder" executed="True" result="Success" success="True" time="0.139" asserts="0">
            <results>
              <test-suite type="TestFixture" name="NodeTest" executed="True" result="Success" success="True" time="0.133" asserts="0">
                <results>
                  <test-case name="BaconBuilder.NodeTest.TestStructure" executed="True" result="Success" success="True" time="0.117" asserts="0" />
                </results>
              </test-suite>
            </results>
          </test-suite>
        </results>
      </test-suite>
    </results>
  </test-suite>
</test-results>